0 info it worked if it ends with ok
1 verbose cli [ 'node', '/usr/local/bin/npm', 'install', 'express', '-g' ]
2 info using npm@1.1.66
3 info using node@v0.8.15
4 verbose read json /usr/local/lib/package.json
5 verbose read json /usr/local/lib/package.json
6 verbose cache add [ 'express', null ]
7 silly cache add name=undefined spec="express" args=["express",null]
8 verbose parsed url { pathname: 'express', path: 'express', href: 'express' }
9 silly lockFile f3c62de4-express express
10 verbose lock express /Users/pbudd/.npm/f3c62de4-express.lock
11 silly lockFile f3c62de4-express express
12 verbose addNamed [ 'express', '' ]
13 verbose addNamed [ null, '' ]
14 silly lockFile 64a534c1-express express@
15 verbose lock express@ /Users/pbudd/.npm/64a534c1-express.lock
16 silly addNameRange { name: 'express', range: '', hasData: false }
17 verbose url raw express
18 verbose url resolving [ 'https://registry.npmjs.org/', './express' ]
19 verbose url resolved https://registry.npmjs.org/express
20 info trying registry request attempt 1 at 14:48:35
21 verbose etag "5L5NYTSWUZPUO0SJJ03EJ1QOA"
22 http GET https://registry.npmjs.org/express
23 http 304 https://registry.npmjs.org/express
24 silly registry.get cb [ 304,
24 silly registry.get   { server: 'CouchDB/1.3.0 (Erlang OTP/R15B03)',
24 silly registry.get     etag: '"5L5NYTSWUZPUO0SJJ03EJ1QOA"',
24 silly registry.get     date: 'Mon, 06 May 2013 04:48:37 GMT',
24 silly registry.get     'content-length': '0' } ]
25 verbose etag express from cache
26 silly addNameRange number 2 { name: 'express', range: '', hasData: true }
27 silly addNameRange versions [ 'express',
27 silly addNameRange   [ '0.14.0',
27 silly addNameRange     '0.14.1',
27 silly addNameRange     '1.0.0beta',
27 silly addNameRange     '1.0.0beta2',
27 silly addNameRange     '1.0.0rc',
27 silly addNameRange     '1.0.0rc2',
27 silly addNameRange     '1.0.0rc3',
27 silly addNameRange     '1.0.0rc4',
27 silly addNameRange     '1.0.0',
27 silly addNameRange     '1.0.1',
27 silly addNameRange     '1.0.2',
27 silly addNameRange     '1.0.3',
27 silly addNameRange     '1.0.4',
27 silly addNameRange     '1.0.5',
27 silly addNameRange     '1.0.6',
27 silly addNameRange     '1.0.7',
27 silly addNameRange     '2.0.0beta',
27 silly addNameRange     '1.0.8',
27 silly addNameRange     '2.0.0beta2',
27 silly addNameRange     '2.0.0beta3',
27 silly addNameRange     '2.0.0rc',
27 silly addNameRange     '2.0.0rc2',
27 silly addNameRange     '2.0.0rc3',
27 silly addNameRange     '2.0.0',
27 silly addNameRange     '2.1.0',
27 silly addNameRange     '2.1.1',
27 silly addNameRange     '2.2.0',
27 silly addNameRange     '2.2.1',
27 silly addNameRange     '2.2.2',
27 silly addNameRange     '2.3.0',
27 silly addNameRange     '2.3.1',
27 silly addNameRange     '2.3.2',
27 silly addNameRange     '2.3.3',
27 silly addNameRange     '2.3.4',
27 silly addNameRange     '2.3.5',
27 silly addNameRange     '2.3.6',
27 silly addNameRange     '2.3.7',
27 silly addNameRange     '2.3.8',
27 silly addNameRange     '2.3.9',
27 silly addNameRange     '2.3.10',
27 silly addNameRange     '2.3.11',
27 silly addNameRange     '2.3.12',
27 silly addNameRange     '2.4.0',
27 silly addNameRange     '2.4.1',
27 silly addNameRange     '2.4.2',
27 silly addNameRange     '2.4.3',
27 silly addNameRange     '2.4.4',
27 silly addNameRange     '2.4.5',
27 silly addNameRange     '2.4.6',
27 silly addNameRange     '2.4.7',
27 silly addNameRange     '2.5.0',
27 silly addNameRange     '2.5.1',
27 silly addNameRange     '2.5.2',
27 silly addNameRange     '2.5.3',
27 silly addNameRange     '2.5.4',
27 silly addNameRange     '2.5.5',
27 silly addNameRange     '2.5.6',
27 silly addNameRange     '2.5.7',
27 silly addNameRange     '2.5.8',
27 silly addNameRange     '2.5.9',
27 silly addNameRange     '3.0.0alpha1',
27 silly addNameRange     '3.0.0alpha2',
27 silly addNameRange     '3.0.0alpha3',
27 silly addNameRange     '3.0.0alpha4',
27 silly addNameRange     '3.0.0alpha5',
27 silly addNameRange     '3.0.0beta1',
27 silly addNameRange     '3.0.0beta2',
27 silly addNameRange     '3.0.0beta3',
27 silly addNameRange     '2.5.10',
27 silly addNameRange     '3.0.0beta4',
27 silly addNameRange     '2.5.11',
27 silly addNameRange     '3.0.0beta6',
27 silly addNameRange     '3.0.0beta7',
27 silly addNameRange     '3.0.0rc1',
27 silly addNameRange     '3.0.0rc2',
27 silly addNameRange     '3.0.0rc3',
27 silly addNameRange     '3.0.0rc4',
27 silly addNameRange     '3.0.0rc5',
27 silly addNameRange     '3.0.0',
27 silly addNameRange     '3.0.1',
27 silly addNameRange     '3.0.2',
27 silly addNameRange     '3.0.3',
27 silly addNameRange     '3.0.4',
27 silly addNameRange     '3.0.5',
27 silly addNameRange     '3.0.6',
27 silly addNameRange     '3.1.0',
27 silly addNameRange     '3.1.1',
27 silly addNameRange     '3.1.2',
27 silly addNameRange     '3.2.0',
27 silly addNameRange     '3.2.1',
27 silly addNameRange     '3.2.2' ] ]
28 verbose addNamed [ 'express', '3.2.2' ]
29 verbose addNamed [ '3.2.2', '3.2.2' ]
30 silly lockFile 50f8e88a-express-3-2-2 express@3.2.2
31 verbose lock express@3.2.2 /Users/pbudd/.npm/50f8e88a-express-3-2-2.lock
32 silly lockFile e657ca84-js-org-express-express-3-2-2-tgz https://registry.npmjs.org/express/-/express-3.2.2.tgz
33 verbose lock https://registry.npmjs.org/express/-/express-3.2.2.tgz /Users/pbudd/.npm/e657ca84-js-org-express-express-3-2-2-tgz.lock
34 verbose addRemoteTarball [ 'https://registry.npmjs.org/express/-/express-3.2.2.tgz',
34 verbose addRemoteTarball   '22c6cb2e0efc20833670425cd820c5f4bb119f8b' ]
35 info retry fetch attempt 1 at 14:48:37
36 verbose fetch to= /var/folders/75/j649b1sx4w3g0nlt8sf97ttr0000gn/T/npm-2257/1367815717405-0.7425539656542242/tmp.tgz
37 http GET https://registry.npmjs.org/express/-/express-3.2.2.tgz
38 http 200 https://registry.npmjs.org/express/-/express-3.2.2.tgz
39 silly shasum updated bytes 35896
40 info shasum 22c6cb2e0efc20833670425cd820c5f4bb119f8b
40 info shasum /var/folders/75/j649b1sx4w3g0nlt8sf97ttr0000gn/T/npm-2257/1367815717405-0.7425539656542242/tmp.tgz
41 verbose tar unpack /var/folders/75/j649b1sx4w3g0nlt8sf97ttr0000gn/T/npm-2257/1367815717405-0.7425539656542242/tmp.tgz
42 silly lockFile 4895178a-17405-0-7425539656542242-package /var/folders/75/j649b1sx4w3g0nlt8sf97ttr0000gn/T/npm-2257/1367815717405-0.7425539656542242/package
43 verbose lock /var/folders/75/j649b1sx4w3g0nlt8sf97ttr0000gn/T/npm-2257/1367815717405-0.7425539656542242/package /Users/pbudd/.npm/4895178a-17405-0-7425539656542242-package.lock
44 silly gunzTarPerm modes [ '755', '644' ]
45 silly gunzTarPerm extractEntry package.json
46 silly gunzTarPerm extractEntry .npmignore
47 silly gunzTarPerm extractEntry LICENSE
48 silly gunzTarPerm extractEntry index.js
49 silly gunzTarPerm extractEntry .travis.yml
50 silly gunzTarPerm extractEntry bin/express
51 silly gunzTarPerm extractEntry History.md
52 silly gunzTarPerm extractEntry lib/application.js
53 silly gunzTarPerm extractEntry lib/express.js
54 silly gunzTarPerm extractEntry lib/middleware.js
55 silly gunzTarPerm extractEntry lib/request.js
56 silly gunzTarPerm extractEntry lib/response.js
57 silly gunzTarPerm extractEntry lib/utils.js
58 silly gunzTarPerm extractEntry lib/view.js
59 silly gunzTarPerm extractEntry lib/router/index.js
60 silly gunzTarPerm extractEntry lib/router/route.js
61 silly gunzTarPerm extractEntry Makefile
62 silly gunzTarPerm extractEntry Readme.md
63 verbose read json /var/folders/75/j649b1sx4w3g0nlt8sf97ttr0000gn/T/npm-2257/1367815717405-0.7425539656542242/package/package.json
64 silly lockFile 4895178a-17405-0-7425539656542242-package /var/folders/75/j649b1sx4w3g0nlt8sf97ttr0000gn/T/npm-2257/1367815717405-0.7425539656542242/package
65 verbose from cache /var/folders/75/j649b1sx4w3g0nlt8sf97ttr0000gn/T/npm-2257/1367815717405-0.7425539656542242/package/package.json
66 verbose tar pack [ '/Users/pbudd/.npm/express/3.2.2/package.tgz',
66 verbose tar pack   '/var/folders/75/j649b1sx4w3g0nlt8sf97ttr0000gn/T/npm-2257/1367815717405-0.7425539656542242/package' ]
67 verbose tarball /Users/pbudd/.npm/express/3.2.2/package.tgz
68 verbose folder /var/folders/75/j649b1sx4w3g0nlt8sf97ttr0000gn/T/npm-2257/1367815717405-0.7425539656542242/package
69 silly lockFile 7a14770b-dd-npm-express-3-2-2-package-tgz /Users/pbudd/.npm/express/3.2.2/package.tgz
70 verbose lock /Users/pbudd/.npm/express/3.2.2/package.tgz /Users/pbudd/.npm/7a14770b-dd-npm-express-3-2-2-package-tgz.lock
71 silly lockFile 7a14770b-dd-npm-express-3-2-2-package-tgz /Users/pbudd/.npm/express/3.2.2/package.tgz
72 silly lockFile 5ec123a9--pbudd-npm-express-3-2-2-package /Users/pbudd/.npm/express/3.2.2/package
73 verbose lock /Users/pbudd/.npm/express/3.2.2/package /Users/pbudd/.npm/5ec123a9--pbudd-npm-express-3-2-2-package.lock
74 silly lockFile 5ec123a9--pbudd-npm-express-3-2-2-package /Users/pbudd/.npm/express/3.2.2/package
75 verbose tar unpack /Users/pbudd/.npm/express/3.2.2/package.tgz
76 silly lockFile 5ec123a9--pbudd-npm-express-3-2-2-package /Users/pbudd/.npm/express/3.2.2/package
77 verbose lock /Users/pbudd/.npm/express/3.2.2/package /Users/pbudd/.npm/5ec123a9--pbudd-npm-express-3-2-2-package.lock
78 silly gunzTarPerm modes [ '755', '644' ]
79 silly gunzTarPerm extractEntry package.json
80 silly gunzTarPerm extractEntry .npmignore
81 silly gunzTarPerm extractEntry LICENSE
82 silly gunzTarPerm extractEntry index.js
83 silly gunzTarPerm extractEntry .travis.yml
84 silly gunzTarPerm extractEntry bin/express
85 silly gunzTarPerm extractEntry History.md
86 silly gunzTarPerm extractEntry lib/application.js
87 silly gunzTarPerm extractEntry lib/express.js
88 silly gunzTarPerm extractEntry lib/middleware.js
89 silly gunzTarPerm extractEntry lib/request.js
90 silly gunzTarPerm extractEntry lib/response.js
91 silly gunzTarPerm extractEntry lib/utils.js
92 silly gunzTarPerm extractEntry lib/view.js
93 silly gunzTarPerm extractEntry lib/router/index.js
94 silly gunzTarPerm extractEntry lib/router/route.js
95 silly gunzTarPerm extractEntry Makefile
96 silly gunzTarPerm extractEntry Readme.md
97 verbose read json /Users/pbudd/.npm/express/3.2.2/package/package.json
98 silly lockFile 5ec123a9--pbudd-npm-express-3-2-2-package /Users/pbudd/.npm/express/3.2.2/package
99 silly shasum updated bytes 35896
100 info shasum 22c6cb2e0efc20833670425cd820c5f4bb119f8b
100 info shasum /Users/pbudd/.npm/express/3.2.2/package.tgz
101 verbose from cache /Users/pbudd/.npm/express/3.2.2/package/package.json
102 verbose chmod /Users/pbudd/.npm/express/3.2.2/package.tgz 644
103 verbose chown /Users/pbudd/.npm/express/3.2.2/package.tgz [ 501, 20 ]
104 silly lockFile e657ca84-js-org-express-express-3-2-2-tgz https://registry.npmjs.org/express/-/express-3.2.2.tgz
105 silly lockFile 50f8e88a-express-3-2-2 express@3.2.2
106 silly lockFile 64a534c1-express express@
107 silly resolved [ { name: 'express',
107 silly resolved     description: 'Sinatra inspired web development framework',
107 silly resolved     version: '3.2.2',
107 silly resolved     author: { name: 'TJ Holowaychuk', email: 'tj@vision-media.ca' },
107 silly resolved     contributors: [ [Object], [Object], [Object], [Object] ],
107 silly resolved     dependencies:
107 silly resolved      { connect: '2.7.8',
107 silly resolved        commander: '0.6.1',
107 silly resolved        'range-parser': '0.0.4',
107 silly resolved        mkdirp: '0.3.4',
107 silly resolved        cookie: '0.0.5',
107 silly resolved        'buffer-crc32': '0.2.1',
107 silly resolved        fresh: '0.1.0',
107 silly resolved        methods: '0.0.1',
107 silly resolved        send: '0.1.0',
107 silly resolved        'cookie-signature': '1.0.1',
107 silly resolved        debug: '*',
107 silly resolved        qs: '0.6.3' },
107 silly resolved     devDependencies:
107 silly resolved      { ejs: '*',
107 silly resolved        mocha: '*',
107 silly resolved        jade: '*',
107 silly resolved        hjs: '*',
107 silly resolved        stylus: '*',
107 silly resolved        should: '*',
107 silly resolved        'connect-redis': '*',
107 silly resolved        'github-flavored-markdown': '*',
107 silly resolved        supertest: '0.6.0' },
107 silly resolved     keywords:
107 silly resolved      [ 'express',
107 silly resolved        'framework',
107 silly resolved        'sinatra',
107 silly resolved        'web',
107 silly resolved        'rest',
107 silly resolved        'restful',
107 silly resolved        'router',
107 silly resolved        'app',
107 silly resolved        'api' ],
107 silly resolved     repository: { type: 'git', url: 'git://github.com/visionmedia/express' },
107 silly resolved     main: 'index',
107 silly resolved     bin: { express: './bin/express' },
107 silly resolved     scripts: { prepublish: 'npm prune', test: 'make test' },
107 silly resolved     engines: { node: '*' },
107 silly resolved     readme: '![express logo](http://f.cl.ly/items/0V2S1n0K1i3y1c122g04/Screen%20Shot%202012-04-11%20at%209.59.42%20AM.png)\n\n  Fast, unopinionated, minimalist web framework for [node](http://nodejs.org). [![Build Status](https://secure.travis-ci.org/visionmedia/express.png)](http://travis-ci.org/visionmedia/express) [![Dependency Status](https://gemnasium.com/visionmedia/express.png)](https://gemnasium.com/visionmedia/express)\n\n```js\nvar express = require(\'express\');\nvar app = express();\n\napp.get(\'/\', function(req, res){\n  res.send(\'Hello World\');\n});\n\napp.listen(3000);\n```\n\n## Installation\n\n    $ npm install -g express\n\n## Quick Start\n\n The quickest way to get started with express is to utilize the executable `express(1)` to generate an application as shown below:\n\n Create the app:\n\n    $ npm install -g express\n    $ express /tmp/foo && cd /tmp/foo\n\n Install dependencies:\n\n    $ npm install\n\n Start the server:\n\n    $ node app\n\n## Features\n\n  * Built on [Connect](http://github.com/senchalabs/connect)\n  * Robust routing\n  * HTTP helpers (redirection, caching, etc)\n  * View system supporting 14+ template engines\n  * Content negotiation\n  * Focus on high performance\n  * Environment based configuration\n  * Executable for generating applications quickly\n  * High test coverage\n\n## Philosophy\n\n  The Express philosophy is to provide small, robust tooling for HTTP servers. Making\n  it a great solution for single page applications, web sites, hybrids, or public\n  HTTP APIs.\n\n  Built on Connect you can use _only_ what you need, and nothing more, applications\n  can be as big or as small as you like, even a single file. Express does\n  not force you to use any specific ORM or template engine. With support for over\n  14 template engines via [Consolidate.js](http://github.com/visionmedia/consolidate.js)\n  you can quickly craft your perfect framework.\n\n## More Information\n\n  * Join #express on freenode\n  * [Google Group](http://groups.google.com/group/express-js) for discussion\n  * Follow [tjholowaychuk](http://twitter.com/tjholowaychuk) on twitter for updates\n  * Visit the [Wiki](http://github.com/visionmedia/express/wiki)\n  * [日本語ドキュメンテーション](http://hideyukisaito.com/doc/expressjs/) by [hideyukisaito](https://github.com/hideyukisaito)\n  * [Русскоязычная документация](http://jsman.ru/express/)\n  * Run express examples [online](https://runnable.com/express)\n\n## Viewing Examples\n\nClone the Express repo, then install the dev dependencies to install all the example / test suite deps:\n\n    $ git clone git://github.com/visionmedia/express.git --depth 1\n    $ cd express\n    $ npm install\n\nthen run whichever tests you want:\n\n    $ node examples/content-negotiation\n\n## Running Tests\n\nTo run the test suite first invoke the following command within the repo, installing the development dependencies:\n\n    $ npm install\n\nthen run the tests:\n\n    $ make test\n\n## Contributors\n\n```\nproject: express\ncommits: 3559\nactive : 468 days\nfiles  : 237\nauthors:\n 1891\tTj Holowaychuk          53.1%\n 1285\tvisionmedia             36.1%\n  182\tTJ Holowaychuk          5.1%\n   54\tAaron Heckmann          1.5%\n   34\tcsausdev                1.0%\n   26\tciaranj                 0.7%\n   21\tRobert Sköld            0.6%\n    6\tGuillermo Rauch         0.2%\n    3\tDav Glass               0.1%\n    3\tNick Poulden            0.1%\n    2\tRandy Merrill           0.1%\n    2\tBenny Wong              0.1%\n    2\tHunter Loftis           0.1%\n    2\tJake Gordon             0.1%\n    2\tBrian McKinney          0.1%\n    2\tRoman Shtylman          0.1%\n    2\tBen Weaver              0.1%\n    2\tDave Hoover             0.1%\n    2\tEivind Fjeldstad        0.1%\n    2\tDaniel Shaw             0.1%\n    1\tMatt Colyer             0.0%\n    1\tPau Ramon               0.0%\n    1\tPero Pejovic            0.0%\n    1\tPeter Rekdal Sunde      0.0%\n    1\tRaynos                  0.0%\n    1\tTeng Siong Ong          0.0%\n    1\tViktor Kelemen          0.0%\n    1\tctide                   0.0%\n    1\t8bitDesigner            0.0%\n    1\tisaacs                  0.0%\n    1\tmgutz                   0.0%\n    1\tpikeas                  0.0%\n    1\tshuwatto                0.0%\n    1\ttstrimple               0.0%\n    1\tewoudj                  0.0%\n    1\tAdam Sanderson          0.0%\n    1\tAndrii Kostenko         0.0%\n    1\tAndy Hiew               0.0%\n    1\tArpad Borsos            0.0%\n    1\tAshwin Purohit          0.0%\n    1\tBenjen                  0.0%\n    1\tDarren Torpey           0.0%\n    1\tGreg Ritter             0.0%\n    1\tGregory Ritter          0.0%\n    1\tJames Herdman           0.0%\n    1\tJim Snodgrass           0.0%\n    1\tJoe McCann              0.0%\n    1\tJonathan Dumaine        0.0%\n    1\tJonathan Palardy        0.0%\n    1\tJonathan Zacsh          0.0%\n    1\tJustin Lilly            0.0%\n    1\tKen Sato                0.0%\n    1\tMaciej Małecki          0.0%\n    1\tMasahiro Hayashi        0.0%\n```\n\n## License\n\n(The MIT License)\n\nCopyright (c) 2009-2012 TJ Holowaychuk &lt;tj@vision-media.ca&gt;\n\nPermission is hereby granted, free of charge, to any person obtaining\na copy of this software and associated documentation files (the\n\'Software\'), to deal in the Software without restriction, including\nwithout limitation the rights to use, copy, modify, merge, publish,\ndistribute, sublicense, and/or sell copies of the Software, and to\npermit persons to whom the Software is furnished to do so, subject to\nthe following conditions:\n\nThe above copyright notice and this permission notice shall be\nincluded in all copies or substantial portions of the Software.\n\nTHE SOFTWARE IS PROVIDED \'AS IS\', WITHOUT WARRANTY OF ANY KIND,\nEXPRESS OR IMPLIED, INCLUDING BUT NOT LIMITED TO THE WARRANTIES OF\nMERCHANTABILITY, FITNESS FOR A PARTICULAR PURPOSE AND NONINFRINGEMENT.\nIN NO EVENT SHALL THE AUTHORS OR COPYRIGHT HOLDERS BE LIABLE FOR ANY\nCLAIM, DAMAGES OR OTHER LIABILITY, WHETHER IN AN ACTION OF CONTRACT,\nTORT OR OTHERWISE, ARISING FROM, OUT OF OR IN CONNECTION WITH THE\nSOFTWARE OR THE USE OR OTHER DEALINGS IN THE SOFTWARE.\n',
107 silly resolved     readmeFilename: 'Readme.md',
107 silly resolved     _id: 'express@3.2.2',
107 silly resolved     dist: { shasum: '22c6cb2e0efc20833670425cd820c5f4bb119f8b' },
107 silly resolved     _from: 'express' } ]
108 info install express@3.2.2 into /usr/local/lib
109 info installOne express@3.2.2
110 verbose from cache /Users/pbudd/.npm/express/3.2.2/package/package.json
111 info /usr/local/lib/node_modules/express unbuild
112 verbose read json /usr/local/lib/node_modules/express/package.json
113 verbose tar unpack /Users/pbudd/.npm/express/3.2.2/package.tgz
114 silly lockFile 59b5b716-r-local-lib-node-modules-express /usr/local/lib/node_modules/express
115 verbose lock /usr/local/lib/node_modules/express /Users/pbudd/.npm/59b5b716-r-local-lib-node-modules-express.lock
116 silly gunzTarPerm modes [ '755', '644' ]
117 error Error: EACCES, mkdir '/usr/local/lib/node_modules/express'
117 error  { [Error: EACCES, mkdir '/usr/local/lib/node_modules/express']
117 error   errno: 3,
117 error   code: 'EACCES',
117 error   path: '/usr/local/lib/node_modules/express',
117 error   fstream_type: 'Directory',
117 error   fstream_path: '/usr/local/lib/node_modules/express',
117 error   fstream_class: 'DirWriter',
117 error   fstream_stack:
117 error    [ 'DirWriter._create (/usr/local/lib/node_modules/npm/node_modules/fstream/lib/dir-writer.js:36:23)',
117 error      '/usr/local/lib/node_modules/npm/node_modules/mkdirp/index.js:37:53',
117 error      'Object.oncomplete (fs.js:297:15)' ] }
118 error Please try running this command again as root/Administrator.
119 error System Darwin 12.3.0
120 error command "node" "/usr/local/bin/npm" "install" "express" "-g"
121 error cwd /Users/pbudd/Projects/operation-bryan
122 error node -v v0.8.15
123 error npm -v 1.1.66
124 error path /usr/local/lib/node_modules/express
125 error fstream_path /usr/local/lib/node_modules/express
126 error fstream_type Directory
127 error fstream_class DirWriter
128 error code EACCES
129 error errno 3
130 error stack Error: EACCES, mkdir '/usr/local/lib/node_modules/express'
131 error fstream_stack DirWriter._create (/usr/local/lib/node_modules/npm/node_modules/fstream/lib/dir-writer.js:36:23)
131 error fstream_stack /usr/local/lib/node_modules/npm/node_modules/mkdirp/index.js:37:53
131 error fstream_stack Object.oncomplete (fs.js:297:15)
132 verbose exit [ 3, true ]
